c:\users\cuong\desktop\game-programming-metroid-\metroid\debug\vc141.pdb
c:\users\cuong\desktop\game-programming-metroid-\metroid\debug\vc141.idb
c:\users\cuong\desktop\game-programming-metroid-\metroid\debug\cameraobj.obj
c:\users\cuong\desktop\game-programming-metroid-\metroid\debug\gaudio.obj
c:\users\cuong\desktop\game-programming-metroid-\metroid\debug\gcamera.obj
c:\users\cuong\desktop\game-programming-metroid-\metroid\debug\dsutil.obj
c:\users\cuong\desktop\game-programming-metroid-\metroid\debug\quadtree.obj
c:\users\cuong\desktop\game-programming-metroid-\metroid\debug\swept_aabb.obj
c:\users\cuong\desktop\game-programming-metroid-\metroid\debug\zoomer.obj
c:\users\cuong\desktop\game-programming-metroid-\metroid\debug\map.obj
c:\users\cuong\desktop\game-programming-metroid-\metroid\debug\bullet.obj
c:\users\cuong\desktop\game-programming-metroid-\metroid\debug\object.obj
c:\users\cuong\desktop\game-programming-metroid-\metroid\debug\scenemain.obj
c:\users\cuong\desktop\game-programming-metroid-\metroid\debug\game.obj
c:\users\cuong\desktop\game-programming-metroid-\metroid\debug\global.obj
c:\users\cuong\desktop\game-programming-metroid-\metroid\debug\main.obj
c:\users\cuong\desktop\game-programming-metroid-\metroid\debug\gsprite.obj
c:\users\cuong\desktop\game-programming-metroid-\metroid\debug\gtexture.obj
c:\users\cuong\desktop\game-programming-metroid-\metroid\debug\samus.obj
c:\users\cuong\desktop\game-programming-metroid-\metroid\debug\utils.obj
c:\users\cuong\desktop\game-programming-metroid-\metroid\debug\weapon.obj
c:\users\cuong\desktop\game-programming-metroid-\metroid\debug\metroid.tlog\cl.command.1.tlog
c:\users\cuong\desktop\game-programming-metroid-\metroid\debug\metroid.tlog\cl.read.1.tlog
c:\users\cuong\desktop\game-programming-metroid-\metroid\debug\metroid.tlog\cl.write.1.tlog
